

Started GET "/" for 127.0.0.1 at 2012-08-23 13:32:59 -0400
  Processing by HomeController#index as HTML
Rendered static/home.html.erb within layouts/application (2.2ms)
Completed 500 Internal Server Error in 350ms

ActionView::Template::Error (Could not find table 'pages'):
    48:                     <% end %>
    49:                     <li class="divider"></li>
    50:                 <% end %>
    51:                 <%=raw pages_links %>
    52:               </ul>
    53:             </li>
    54:             <%= nav_item "Contact", contact_path %>
  app/helpers/pages_helper.rb:5:in `pages_links'
  app/views/layouts/application.html.erb:51:in `_app_views_layouts_application_html_erb__1610809897245020033_70185833717780'
  app/controllers/home_controller.rb:7:in `index'

Rendered /Users/tenggu/.rvm/gems/ruby-1.9.3-p194/gems/actionpack-3.1.0/lib/action_dispatch/middleware/templates/rescues/_trace.erb (1.0ms)
Rendered /Users/tenggu/.rvm/gems/ruby-1.9.3-p194/gems/actionpack-3.1.0/lib/action_dispatch/middleware/templates/rescues/_request_and_response.erb (0.7ms)
Rendered /Users/tenggu/.rvm/gems/ruby-1.9.3-p194/gems/actionpack-3.1.0/lib/action_dispatch/middleware/templates/rescues/template_error.erb within rescues/layout (3.5ms)


Started GET "/" for 127.0.0.1 at 2012-08-23 13:34:56 -0400
  Processing by HomeController#index as HTML
Rendered static/home.html.erb within layouts/application (0.0ms)
Rendered shared/_flash_msg.html.erb (0.4ms)
Completed 200 OK in 19ms (Views: 18.5ms | ActiveRecord: 0.0ms)


Started GET "/" for 127.0.0.1 at 2012-08-23 13:35:04 -0400
  Processing by HomeController#index as HTML
Rendered static/home.html.erb within layouts/application (0.0ms)
Rendered shared/_flash_msg.html.erb (0.1ms)
Completed 200 OK in 14ms (Views: 14.1ms | ActiveRecord: 0.0ms)


Started GET "/" for 127.0.0.1 at 2012-08-23 13:35:05 -0400
  Processing by HomeController#index as HTML
Rendered static/home.html.erb within layouts/application (0.0ms)
Rendered shared/_flash_msg.html.erb (0.1ms)
Completed 200 OK in 15ms (Views: 14.2ms | ActiveRecord: 0.0ms)


Started GET "/doc" for 127.0.0.1 at 2012-08-23 13:35:06 -0400
  Processing by DocController#index as HTML
Redirected to http://localhost:3000/doc/overview
Completed 302 Found in 1ms


Started GET "/doc/overview" for 127.0.0.1 at 2012-08-23 13:35:06 -0400
  Processing by DocController#overview as HTML
Rendered doc/overview.html.erb within layouts/bootstrap/doc (0.4ms)
Completed 200 OK in 31ms (Views: 30.8ms | ActiveRecord: 0.0ms)


Started GET "/contact" for 127.0.0.1 at 2012-08-23 13:35:08 -0400
  Processing by PagesController#show as HTML
  Parameters: {"id"=>"contact"}
attempt to render page contact
Completed 500 Internal Server Error in 0ms

ActiveRecord::StatementInvalid (Could not find table 'pages'):
  app/controllers/pages_controller.rb:7:in `show'

Rendered /Users/tenggu/.rvm/gems/ruby-1.9.3-p194/gems/actionpack-3.1.0/lib/action_dispatch/middleware/templates/rescues/_trace.erb (0.9ms)
Rendered /Users/tenggu/.rvm/gems/ruby-1.9.3-p194/gems/actionpack-3.1.0/lib/action_dispatch/middleware/templates/rescues/_request_and_response.erb (0.8ms)
Rendered /Users/tenggu/.rvm/gems/ruby-1.9.3-p194/gems/actionpack-3.1.0/lib/action_dispatch/middleware/templates/rescues/diagnostics.erb within rescues/layout (3.2ms)


Started GET "/about" for 127.0.0.1 at 2012-08-23 13:35:13 -0400
  Processing by PagesController#show as HTML
  Parameters: {"id"=>"about"}
attempt to render page about
Completed 500 Internal Server Error in 0ms

ActiveRecord::StatementInvalid (Could not find table 'pages'):
  app/controllers/pages_controller.rb:7:in `show'

Rendered /Users/tenggu/.rvm/gems/ruby-1.9.3-p194/gems/actionpack-3.1.0/lib/action_dispatch/middleware/templates/rescues/_trace.erb (0.9ms)
Rendered /Users/tenggu/.rvm/gems/ruby-1.9.3-p194/gems/actionpack-3.1.0/lib/action_dispatch/middleware/templates/rescues/_request_and_response.erb (0.7ms)
Rendered /Users/tenggu/.rvm/gems/ruby-1.9.3-p194/gems/actionpack-3.1.0/lib/action_dispatch/middleware/templates/rescues/diagnostics.erb within rescues/layout (3.3ms)


Started GET "/pages.about" for 127.0.0.1 at 2012-08-23 13:35:52 -0400

AbstractController::ActionNotFound (The action 'index' could not be found for PagesController):
  

Rendered /Users/tenggu/.rvm/gems/ruby-1.9.3-p194/gems/actionpack-3.1.0/lib/action_dispatch/middleware/templates/rescues/unknown_action.erb within rescues/layout (0.4ms)


Started GET "/pages.terms" for 127.0.0.1 at 2012-08-23 13:35:54 -0400

AbstractController::ActionNotFound (The action 'index' could not be found for PagesController):
  

Rendered /Users/tenggu/.rvm/gems/ruby-1.9.3-p194/gems/actionpack-3.1.0/lib/action_dispatch/middleware/templates/rescues/unknown_action.erb within rescues/layout (0.3ms)


Started GET "/pages.contact" for 127.0.0.1 at 2012-08-23 13:35:57 -0400

AbstractController::ActionNotFound (The action 'index' could not be found for PagesController):
  

Rendered /Users/tenggu/.rvm/gems/ruby-1.9.3-p194/gems/actionpack-3.1.0/lib/action_dispatch/middleware/templates/rescues/unknown_action.erb within rescues/layout (0.3ms)


Started GET "/" for 127.0.0.1 at 2012-08-23 13:57:10 -0400
  Processing by HomeController#index as HTML
Rendered static/home.html.erb within layouts/application (0.0ms)
Rendered shared/_flash_msg.html.erb (0.1ms)
Completed 200 OK in 15ms (Views: 14.8ms | ActiveRecord: 0.0ms)


Started GET "/" for 127.0.0.1 at 2012-08-23 13:59:22 -0400
  Processing by HomeController#index as HTML
Rendered static/home.html.erb within layouts/application (0.0ms)
Rendered shared/_flash_msg.html.erb (0.1ms)
Completed 200 OK in 18ms (Views: 17.6ms | ActiveRecord: 0.0ms)


Started GET "/" for 127.0.0.1 at 2012-08-23 14:03:47 -0400
  Processing by HomeController#index as HTML
Rendered static/home.html.erb within layouts/application (0.1ms)
Rendered shared/_flash_msg.html.erb (0.1ms)
Completed 200 OK in 22ms (Views: 21.7ms | ActiveRecord: 0.0ms)
